[debug] [2024-12-11T17:05:13.697Z] ----------------------------------------------------------------------
[debug] [2024-12-11T17:05:13.703Z] Command:       C:\Program Files\nodejs\node.exe C:\Users\juego\AppData\Roaming\npm\node_modules\firebase-tools\lib\bin\firebase.js init
[debug] [2024-12-11T17:05:13.703Z] CLI Version:   13.28.0
[debug] [2024-12-11T17:05:13.704Z] Platform:      win32
[debug] [2024-12-11T17:05:13.704Z] Node Version:  v22.12.0
[debug] [2024-12-11T17:05:13.705Z] Time:          Wed Dec 11 2024 18:05:13 GMT+0100 (hora estándar de Europa central)
[debug] [2024-12-11T17:05:13.705Z] ----------------------------------------------------------------------
[debug] 
[debug] [2024-12-11T17:05:13.721Z] > command requires scopes: ["email","openid","https://www.googleapis.com/auth/cloudplatformprojects.readonly","https://www.googleapis.com/auth/firebase","https://www.googleapis.com/auth/cloud-platform"]
[debug] [2024-12-11T17:05:13.722Z] > authorizing via signed-in user (carlos.cosas1992@gmail.com)
[info] 
     ######## #### ########  ######## ########     ###     ######  ########
     ##        ##  ##     ## ##       ##     ##  ##   ##  ##       ##
     ######    ##  ########  ######   ########  #########  ######  ######
     ##        ##  ##    ##  ##       ##     ## ##     ##       ## ##
     ##       #### ##     ## ######## ########  ##     ##  ######  ########

You're about to initialize a Firebase project in this directory:

  C:\Users\juego\Desktop\ListaCompra

[info] 
=== Project Setup
[info] 
[info] First, let's associate this project directory with a Firebase project.
[info] You can create multiple project aliases by running firebase use --add, 
[info] but for now we'll just set up a default project.
[info] 
[debug] [2024-12-11T17:05:24.019Z] Checked if tokens are valid: true, expires at: 1733939972788
[debug] [2024-12-11T17:05:24.020Z] Checked if tokens are valid: true, expires at: 1733939972788
[debug] [2024-12-11T17:05:24.022Z] >>> [apiv2][query] GET https://firebase.googleapis.com/v1beta1/projects pageSize=100
[debug] [2024-12-11T17:05:24.620Z] <<< [apiv2][status] GET https://firebase.googleapis.com/v1beta1/projects 200
[debug] [2024-12-11T17:05:24.620Z] <<< [apiv2][body] GET https://firebase.googleapis.com/v1beta1/projects [omitted]
[info] i  Using project lista-de-la-compra-22435 (Lista de la Compra) 
[info] 
=== Hosting Setup
[debug] [2024-12-11T17:05:29.213Z] Checked if tokens are valid: true, expires at: 1733939972788
[debug] [2024-12-11T17:05:29.213Z] Checked if tokens are valid: true, expires at: 1733939972788
[debug] [2024-12-11T17:05:29.213Z] >>> [apiv2][query] GET https://firebase.googleapis.com/v1beta1/projects/lista-de-la-compra-22435 [none]
[debug] [2024-12-11T17:05:29.600Z] <<< [apiv2][status] GET https://firebase.googleapis.com/v1beta1/projects/lista-de-la-compra-22435 200
[debug] [2024-12-11T17:05:29.601Z] <<< [apiv2][body] GET https://firebase.googleapis.com/v1beta1/projects/lista-de-la-compra-22435 {"projectId":"lista-de-la-compra-22435","projectNumber":"208557060957","displayName":"Lista de la Compra","name":"projects/lista-de-la-compra-22435","resources":{"hostingSite":"lista-de-la-compra-22435"},"state":"ACTIVE","etag":"1_4cda9781-eea7-4233-ad39-d3ebf5ffcf3e"}
[info] 
[info] Your public directory is the folder (relative to your project directory) that
[info] will contain Hosting assets to be uploaded with firebase deploy. If you
[info] have a build process for your assets, use your build's output directory.
[info] 
[info] +  Wrote .//404.html 
[debug] [2024-12-11T17:07:05.516Z] >>> [apiv2][query] GET https://www.gstatic.com/firebasejs/releases.json [none]
[debug] [2024-12-11T17:07:05.617Z] <<< [apiv2][status] GET https://www.gstatic.com/firebasejs/releases.json 200
[debug] [2024-12-11T17:07:05.617Z] <<< [apiv2][body] GET https://www.gstatic.com/firebasejs/releases.json {"current":{"version":"11.0.2","browserURL":"https://www.gstatic.com/firebasejs/11.0.2/firebase.js","packageURL":"https://www.gstatic.com/firebasejs/11.0.2/firebase.tgz"},"live":{"version":"11.0","browserURL":"https://www.gstatic.com/firebasejs/live/11.0/firebase.js","packageURL":"https://www.gstatic.com/firebasejs/live/11.0/firebase.tgz"},"components":{"analytics":"https://www.gstatic.com/firebasejs/11.0.2/firebase-analytics.js","app":"https://www.gstatic.com/firebasejs/11.0.2/firebase-app.js","app-check":"https://www.gstatic.com/firebasejs/11.0.2/firebase-app-check.js","auth":"https://www.gstatic.com/firebasejs/11.0.2/firebase-auth.js","auth/cordova":"https://www.gstatic.com/firebasejs/11.0.2/firebase-auth/cordova.js","auth/web-extension":"https://www.gstatic.com/firebasejs/11.0.2/firebase-auth/web-extension.js","functions":"https://www.gstatic.com/firebasejs/11.0.2/firebase-functions.js","firestore":"https://www.gstatic.com/firebasejs/11.0.2/firebase-firestore.js","firestore/lite":"https://www.gstatic.com/firebasejs/11.0.2/firebase-firestore/lite.js","installations":"https://www.gstatic.com/firebasejs/11.0.2/firebase-installations.js","storage":"https://www.gstatic.com/firebasejs/11.0.2/firebase-storage.js","performance":"https://www.gstatic.com/firebasejs/11.0.2/firebase-performance.js","remote-config":"https://www.gstatic.com/firebasejs/11.0.2/firebase-remote-config.js","messaging":"https://www.gstatic.com/firebasejs/11.0.2/firebase-messaging.js","messaging/sw":"https://www.gstatic.com/firebasejs/11.0.2/firebase-messaging/sw.js","database":"https://www.gstatic.com/firebasejs/11.0.2/firebase-database.js","vertexai":"https://www.gstatic.com/firebasejs/11.0.2/firebase-vertexai.js","data-connect":"https://www.gstatic.com/firebasejs/11.0.2/firebase-data-connect.js","firestore.memory":"https://www.gstatic.com/firebasejs/11.0.2/firebase-firestore.memory.js"}}
[debug] [2024-12-11T17:07:48.991Z] ----------------------------------------------------------------------
[debug] [2024-12-11T17:07:48.996Z] Command:       C:\Program Files\nodejs\node.exe C:\Users\juego\AppData\Roaming\npm\node_modules\firebase-tools\lib\bin\firebase.js init
[debug] [2024-12-11T17:07:48.997Z] CLI Version:   13.28.0
[debug] [2024-12-11T17:07:48.998Z] Platform:      win32
[debug] [2024-12-11T17:07:48.998Z] Node Version:  v22.12.0
[debug] [2024-12-11T17:07:48.998Z] Time:          Wed Dec 11 2024 18:07:48 GMT+0100 (hora estándar de Europa central)
[debug] [2024-12-11T17:07:48.999Z] ----------------------------------------------------------------------
[debug] 
[debug] [2024-12-11T17:07:49.012Z] > command requires scopes: ["email","openid","https://www.googleapis.com/auth/cloudplatformprojects.readonly","https://www.googleapis.com/auth/firebase","https://www.googleapis.com/auth/cloud-platform"]
[debug] [2024-12-11T17:07:49.013Z] > authorizing via signed-in user (carlos.cosas1992@gmail.com)
[info] 
     ######## #### ########  ######## ########     ###     ######  ########
     ##        ##  ##     ## ##       ##     ##  ##   ##  ##       ##
     ######    ##  ########  ######   ########  #########  ######  ######
     ##        ##  ##    ##  ##       ##     ## ##     ##       ## ##
     ##       #### ##     ## ######## ########  ##     ##  ######  ########

You're about to initialize a Firebase project in this directory:

  C:\Users\juego\Desktop\ListaCompra

